
*** Running vivado
    with args -log cpu_to_cache_fifo.vds -m64 -product Vivado -mode batch -messageDb vivado.pb -notrace -source cpu_to_cache_fifo.tcl



****** Vivado v2022.2 (64-bit)
  **** SW Build 3671981 on Fri Oct 14 05:00:03 MDT 2022
  **** IP Build 3669848 on Fri Oct 14 08:30:02 MDT 2022
    ** Copyright 1986-2022 Xilinx, Inc. All Rights Reserved.

source cpu_to_cache_fifo.tcl -notrace

*** Running vivado
    with args -log cpu_to_cache_fifo.vds -m64 -product Vivado -mode batch -messageDb vivado.pb -notrace -source cpu_to_cache_fifo.tcl



****** Vivado v2022.2 (64-bit)
  **** SW Build 3671981 on Fri Oct 14 05:00:03 MDT 2022
  **** IP Build 3669848 on Fri Oct 14 08:30:02 MDT 2022
    ** Copyright 1986-2022 Xilinx, Inc. All Rights Reserved.

source cpu_to_cache_fifo.tcl -notrace
create_project: Time (s): cpu = 00:00:02 ; elapsed = 00:00:06 . Memory (MB): peak = 376.992 ; gain = 65.742
INFO: [IP_Flow 19-6924] IPCACHE: Running cache check for IP inst: cpu_to_cache_fifo
Command: synth_design -top cpu_to_cache_fifo -part xc7z010iclg225-1L -incremental_mode off -mode out_of_context
Starting synth_design
Attempting to get a license for feature 'Synthesis' and/or device 'xc7z010i'
INFO: [Common 17-349] Got license for feature 'Synthesis' and/or device 'xc7z010i'
INFO: [Device 21-403] Loading part xc7z010iclg225-1L

*** Running vivado
    with args -log cpu_to_cache_fifo.vds -m64 -product Vivado -mode batch -messageDb vivado.pb -notrace -source cpu_to_cache_fifo.tcl



****** Vivado v2022.2 (64-bit)
  **** SW Build 3671981 on Fri Oct 14 05:00:03 MDT 2022
  **** IP Build 3669848 on Fri Oct 14 08:30:02 MDT 2022
    ** Copyright 1986-2022 Xilinx, Inc. All Rights Reserved.

source cpu_to_cache_fifo.tcl -notrace
INFO: [IP_Flow 19-6924] IPCACHE: Running cache check for IP inst: cpu_to_cache_fifo
Command: synth_design -top cpu_to_cache_fifo -part xc7z010iclg225-1L -incremental_mode off -mode out_of_context
Starting synth_design
Attempting to get a license for feature 'Synthesis' and/or device 'xc7z010i'
INFO: [Common 17-349] Got license for feature 'Synthesis' and/or device 'xc7z010i'
INFO: [Device 21-403] Loading part xc7z010iclg225-1L

*** Halting run - EA reset detected ***


*** Running vivado
    with args -log cpu_to_cache_fifo.vds -m64 -product Vivado -mode batch -messageDb vivado.pb -notrace -source cpu_to_cache_fifo.tcl



****** Vivado v2022.2 (64-bit)
  **** SW Build 3671981 on Fri Oct 14 05:00:03 MDT 2022
  **** IP Build 3669848 on Fri Oct 14 08:30:02 MDT 2022
    ** Copyright 1986-2022 Xilinx, Inc. All Rights Reserved.

source cpu_to_cache_fifo.tcl -notrace
INFO: [IP_Flow 19-6924] IPCACHE: Running cache check for IP inst: cpu_to_cache_fifo
Command: synth_design -top cpu_to_cache_fifo -part xc7z010iclg225-1L -incremental_mode off -mode out_of_context
Starting synth_design
Attempting to get a license for feature 'Synthesis' and/or device 'xc7z010i'
INFO: [Common 17-349] Got license for feature 'Synthesis' and/or device 'xc7z010i'
INFO: [Device 21-403] Loading part xc7z010iclg225-1L
INFO: [Synth 8-7079] Multithreading enabled for synth_design using a maximum of 2 processes.
INFO: [Synth 8-7078] Launching helper process for spawning children vivado processes
INFO: [Synth 8-7075] Helper process launched with PID 25972
INFO: [Synth 8-11241] undeclared symbol 'REGCCE', assumed default net type 'wire' [D:/Xilinx/Vivado/2022.2/data/verilog/src/unimacro/BRAM_SINGLE_MACRO.v:2170]
---------------------------------------------------------------------------------
Starting RTL Elaboration : Time (s): cpu = 00:00:05 ; elapsed = 00:00:08 . Memory (MB): peak = 1200.824 ; gain = 407.797
---------------------------------------------------------------------------------

*** Running vivado
    with args -log cpu_to_cache_fifo.vds -m64 -product Vivado -mode batch -messageDb vivado.pb -notrace -source cpu_to_cache_fifo.tcl



****** Vivado v2022.2 (64-bit)
  **** SW Build 3671981 on Fri Oct 14 05:00:03 MDT 2022
  **** IP Build 3669848 on Fri Oct 14 08:30:02 MDT 2022
    ** Copyright 1986-2022 Xilinx, Inc. All Rights Reserved.

source cpu_to_cache_fifo.tcl -notrace

*** Halting run - EA reset detected ***

